####22/07/2020 16:32:03
Scan Struct Iniciando... 

####22/07/2020 16:32:03
Procurando Appservers...
####22/07/2020 16:32:03
Filtrando Dados do Appserver C:\TOTVS12\License\bin\appserver\appserver.ini
####22/07/2020 16:32:03
Filtrando Dados do Appserver C:\TOTVS12\Protheus\Protheus\bin\appserver\appserver.ini
####22/07/2020 16:32:03
Filtrando Dados do Appserver C:\TOTVS12\Protheus\Protheus\bin\appserver_ws\appserver.ini
####22/07/2020 16:32:03
Filtrando Dados do Appserver C:\TOTVS12\Protheus\Protheus\bin\appserver_ws_rest\appserver.ini
####22/07/2020 16:32:03
Filtrando Dados do Appserver C:\TOTVS12\TSS\TSS_12_25\bin\appserver\appserver.ini
####22/07/2020 16:32:03
Foram encontrados 5 AppServers Na Busca da Pasta: C:/TOTVS12
####22/07/2020 16:32:03
Procurando Smartclients...
####22/07/2020 16:32:03
Filtrando Dados do Smartclient C:\TOTVS12\License\bin\monitor\smartclient.ini
####22/07/2020 16:32:03
Filtrando Dados do Smartclient C:\TOTVS12\Protheus\Protheus\bin\smartclient\smartclient.ini
####22/07/2020 16:32:03
Filtrando Dados do Smartclient C:\TOTVS12\TSS\TSS_12_25\bin\smartclient\smartclient.ini
####22/07/2020 16:32:03
Foram encontrados 3 Smartclients Na Busca da Pasta: C:/TOTVS12
